{"name":"Login with correct username/password","status":"failed","statusDetails":{"known":false,"muted":false,"flaky":false,"message":"expected [true] but found [false]","trace":"java.lang.AssertionError: expected [true] but found [false]\n\tat org.testng.Assert.fail(Assert.java:96)\n\tat org.testng.Assert.failNotEquals(Assert.java:776)\n\tat org.testng.Assert.assertEqualsImpl(Assert.java:137)\n\tat org.testng.Assert.assertEquals(Assert.java:118)\n\tat org.testng.Assert.assertEquals(Assert.java:568)\n\tat org.testng.Assert.assertEquals(Assert.java:578)\n\tat cucumber.StepDefinitions.you_logged_into_a_secure_area_message_appears(StepDefinitions.java:57)\n\tat ✽.You logged into a secure area! message appears(file:Login.feature:29)\n"},"stage":"finished","description":"  Login page to ask user for authentication","steps":[{"name":"Given  Open http://the-internet.herokuapp.com/","status":"passed","statusDetails":{"known":false,"muted":false,"flaky":false},"stage":"finished","steps":[],"attachments":[],"parameters":[],"start":1591979409745,"stop":1591979411726},{"name":"And  click Form Authentication link","status":"passed","statusDetails":{"known":false,"muted":false,"flaky":false},"stage":"finished","steps":[],"attachments":[],"parameters":[],"start":1591979411727,"stop":1591979412480},{"name":"When  I enter \"tomsmith\" in username field and enter \"SuperSecretPassword!\" in password field and click Login button","status":"passed","statusDetails":{"known":false,"muted":false,"flaky":false},"stage":"finished","steps":[],"attachments":[],"parameters":[],"start":1591979412481,"stop":1591979413648},{"name":"Then  Secure Area page is opened","status":"passed","statusDetails":{"known":false,"muted":false,"flaky":false},"stage":"finished","steps":[],"attachments":[],"parameters":[],"start":1591979413648,"stop":1591979413721},{"name":"And  You logged into a secure area! message appears","status":"failed","statusDetails":{"known":false,"muted":false,"flaky":false,"message":"expected [true] but found [false]","trace":"java.lang.AssertionError: expected [true] but found [false]\n\tat org.testng.Assert.fail(Assert.java:96)\n\tat org.testng.Assert.failNotEquals(Assert.java:776)\n\tat org.testng.Assert.assertEqualsImpl(Assert.java:137)\n\tat org.testng.Assert.assertEquals(Assert.java:118)\n\tat org.testng.Assert.assertEquals(Assert.java:568)\n\tat org.testng.Assert.assertEquals(Assert.java:578)\n\tat cucumber.StepDefinitions.you_logged_into_a_secure_area_message_appears(StepDefinitions.java:57)\n\tat ✽.You logged into a secure area! message appears(file:Login.feature:29)\n"},"stage":"finished","steps":[],"attachments":[],"parameters":[],"start":1591979413722,"stop":1591979413789}],"attachments":[],"parameters":[],"start":1591979405251,"stop":1591979413999,"uuid":"302cfe89-f883-4139-adb4-1226a3b175c8","historyId":"4904ca1fd1568dfe95994169bbe279bf","fullName":"Login: Login with correct username/password","labels":[{"name":"tag","value":"tag"},{"name":"tag","value":"positive"},{"name":"host","value":"Alexanders-MacBook-Pro.local"},{"name":"thread","value":"16267@Alexanders-MacBook-Pro.local.main(1)"},{"name":"feature","value":"Login"},{"name":"story","value":"Login with correct username/password"},{"name":"suite","value":"Login"},{"name":"testClass","value":"Login with correct username/password"},{"name":"framework","value":"cucumber4jvm"},{"name":"language","value":"java"},{"name":"gherkin_uri","value":"file:Login.feature"},{"name":"package","value":"Login_feature.Login"}],"links":[]}