{"name":"Login with correct username/password","status":"failed","statusDetails":{"known":false,"muted":false,"flaky":false,"message":"expected [true] but found [false]","trace":"java.lang.AssertionError: expected [true] but found [false]\n\tat org.testng.Assert.fail(Assert.java:96)\n\tat org.testng.Assert.failNotEquals(Assert.java:776)\n\tat org.testng.Assert.assertEqualsImpl(Assert.java:137)\n\tat org.testng.Assert.assertEquals(Assert.java:118)\n\tat org.testng.Assert.assertEquals(Assert.java:568)\n\tat org.testng.Assert.assertEquals(Assert.java:578)\n\tat cucumber.StepDefinitions.you_logged_into_a_secure_area_message_appears(StepDefinitions.java:80)\n\tat ✽.You logged into a secure area! message appears(file:Login.feature:29)\n"},"stage":"finished","description":"  Login page to ask user for authentication","steps":[{"name":"Given  Open http://the-internet.herokuapp.com/","status":"passed","statusDetails":{"known":false,"muted":false,"flaky":false},"stage":"finished","steps":[],"attachments":[],"parameters":[],"start":1591969862801,"stop":1591969864836},{"name":"And  click Form Authentication link","status":"passed","statusDetails":{"known":false,"muted":false,"flaky":false},"stage":"finished","steps":[],"attachments":[],"parameters":[],"start":1591969864836,"stop":1591969865313},{"name":"When  I enter \"tomsmith\" in username field and enter \"SuperSecretPassword!\" in password field and click Login button","status":"passed","statusDetails":{"known":false,"muted":false,"flaky":false},"stage":"finished","steps":[],"attachments":[],"parameters":[],"start":1591969865313,"stop":1591969865931},{"name":"Then  Secure Area page is opened","status":"passed","statusDetails":{"known":false,"muted":false,"flaky":false},"stage":"finished","steps":[],"attachments":[],"parameters":[],"start":1591969865931,"stop":1591969865960},{"name":"And  You logged into a secure area! message appears","status":"failed","statusDetails":{"known":false,"muted":false,"flaky":false,"message":"expected [true] but found [false]","trace":"java.lang.AssertionError: expected [true] but found [false]\n\tat org.testng.Assert.fail(Assert.java:96)\n\tat org.testng.Assert.failNotEquals(Assert.java:776)\n\tat org.testng.Assert.assertEqualsImpl(Assert.java:137)\n\tat org.testng.Assert.assertEquals(Assert.java:118)\n\tat org.testng.Assert.assertEquals(Assert.java:568)\n\tat org.testng.Assert.assertEquals(Assert.java:578)\n\tat cucumber.StepDefinitions.you_logged_into_a_secure_area_message_appears(StepDefinitions.java:80)\n\tat ✽.You logged into a secure area! message appears(file:Login.feature:29)\n"},"stage":"finished","steps":[],"attachments":[],"parameters":[],"start":1591969865960,"stop":1591969865984}],"attachments":[],"parameters":[],"start":1591969861070,"stop":1591969866645,"uuid":"51967da8-6224-4b0a-a23a-43cdaa834070","historyId":"4904ca1fd1568dfe95994169bbe279bf","fullName":"Login: Login with correct username/password","labels":[{"name":"tag","value":"tag"},{"name":"tag","value":"positive"},{"name":"host","value":"Alexanders-MacBook-Pro.local"},{"name":"thread","value":"14843@Alexanders-MacBook-Pro.local.main(1)"},{"name":"feature","value":"Login"},{"name":"story","value":"Login with correct username/password"},{"name":"suite","value":"Login"},{"name":"testClass","value":"Login with correct username/password"},{"name":"framework","value":"cucumber4jvm"},{"name":"language","value":"java"},{"name":"gherkin_uri","value":"file:Login.feature"},{"name":"package","value":"Login_feature.Login"}],"links":[]}